OK 2nlMZx0vp6E
OK 1khSuB6sER0
OK 2Kzo68liq78
OK 5UCc3Z_-ibs
OK 5ajQHT6SIqM
OK 7Pi5AUwyIJU
OK 9N87-yRR5aE
OK CwOHqH60X-0
OK AtetvOEcZt8
OK ETOXG3qdMKg
OK DDeB4tDVCGY
OK F9y1rD3bhJg
OK GAIZkIfXXjQ
OK HJSGoKbNBnQ
OK Ml2t8uxPAQU
OK MzJ-w6Zmpco
OK Lxem4yMs5Dg
OK SVl_tlbGrh4
OK Wg244y2f9Fw
OK W337AL7n3dc
OK a5KOdVft93E
OK WreZ_VKDn4M
OK aDA-BCOaqFY
OK aO0eUnu0hO0
OK dQWHU8yDpAo
OK aTeLyeVO0Dc
OK jQXG9IbwHwI
OK jBT6MD7IzHU
OK kYOsR9Kb8Ek
OK kIW648Cfo18
OK nsTjnQ067sw
OK peSv5IT5Ve4
OK oOCmYxEakjs
OK pkICXEWc1kM
OK uCplB3zvQks
OK si7UAgvBd4Y
DEST_FIN
