no HMVSCEh72n4
no 1JkmT6L2CmA
no gY9KTfMGauU
no IjF5Uun2jrM
no 6LhkvHfpjAY
no oodW_W15rLY
no fvV95J0LiOE
no 17YPqat8aDE
ok 1wRX1V5qGn0
no SPjKodmPGIo
no FqYRkl12ON8
no hZHy0f7Uy-s
no jJHDJLzuwa8
no 5zYUNcyRcUc
ok dOmKYJoRboE
no f4HcdR3cd4M
no oCcU1C8WilI
no 0CjArtUh_Wg
ok h5kjDJrHw_g
no 7tAwOtVTNlE
no KWH46O99oLE
no H8szjl6KwXs
no utnLVMzxX4U
no cGTBzed4S4w
no HTBfxEqDCdU
no 7GWd4PV3hoA
no zQI_pWw9qWo
no cHpgSf7LKEE
no HOjCT6TxlHM
no 9HY76YLO-M8
ok FGjs7r9htEg
ok m0hQqRSJbU8
ok 5fQ4_fFULKk
ok OP-PPusIgA4
ok TNyZr2JX5Vg
no wPP1RBLQhlU
ok CLJiC2h1HaM
no XEF9KR_B6no
no -MluR9dqt5w
no hmgMlp4a4ao
no VoBIZf-Gv_4
no 4LI8JKPdOmU
SUBS_FIN
