OK (    2032 w) https://baymard.com/lists/cart-abandonment-rate
OK (    4746 w) https://baymard.com/blog/current-state-ecommerce-product-page-ux
OK (    3689 w) https://baymard.com/blog/checkout-flow-average-form-fields
OK (    2033 w) https://baymard.com/blog/ecommerce-checkout-usability-report-and-benchmark
OK (    4447 w) https://www.shopify.com/blog/ecommerce-conversion-rate
OK (    4632 w) https://www.shopify.com/blog/product-page
SPA/ANTIBOT (       3 w) https://cxl.com/blog/ecommerce-conversion-optimization/
OK (    4935 w) https://www.bigcommerce.com/articles/ecommerce/conversion-rate-optimization/
OK (    3075 w) https://www.shopify.com/blog/tiktok-shop
OK (    4106 w) https://www.shopify.com/blog/social-commerce
OK (    5864 w) https://www.shopify.com/blog/live-shopping
OK (    4626 w) https://sproutsocial.com/insights/social-commerce/
OK (    4660 w) https://influencermarketinghub.com/tiktok-shop/
OK (     747 w) https://newsroom.tiktok.com/en-us/tiktok-shop-launches-in-the-us
OK (     592 w) https://www.bigcommerce.com/articles/ecommerce/social-commerce/
OK (     301 w) https://en.wikipedia.org/wiki/New_retail
OK (     230 w) https://zh.wikipedia.org/wiki/新零售
OK (     160 w) https://zh.wikipedia.org/wiki/社区团购
OK (    4787 w) https://www.daxueconsulting.com/new-retail-in-china/
SPA/ANTIBOT (     127 w) https://www.alizila.com/tag/new-retail/
SPA/ANTIBOT (     127 w) https://www.mckinsey.com/industries/retail/our-insights/the-next-frontier-of-retail-media
SPA/ANTIBOT (     127 w) https://www.mckinsey.com/cn/our-insights
OK (     189 w) https://36kr.com/topics/1362
=== ARTICULOS BAJADOS ===
      23
