13:58:14 OK art cro__baymard-com-blog-ecommerce-checkout-usability-report-and-benchmark
13:58:16 OK art cro__baymard-com-blog-checkout-flow-average-form-fields
13:58:19 OK art cro__baymard-com-blog-current-state-ecommerce-product-page-ux
13:58:26 OK art cro__baymard-com-lists-cart-abandonment-rate
13:58:34 OK art cro__www-shopify-com-blog-ecommerce-conversion-rate
13:58:40 OK art cro__www-bigcommerce-com-articles-ecommerce-conversion-rate-optimization-
13:58:45 OK art newretail__knowledge-wharton-upenn-edu-can-alibabas-new-retail-strategy-succeed
13:58:49 OK art newretail__en-wikipedia-org-wiki-Online-to-offline
13:58:54 OK art cro__www-shopify-com-blog-product-page
13:59:02 OK art newretail__zh-wikipedia-org-wiki-新零售
13:59:02 OK art newretail__www-retaildogma-com-retail-media
13:59:03 OK art newretail__www-daxueconsulting-com-new-retail-in-china-
13:59:10 OK art newretail__zh-wikipedia-org-wiki-社区团购
13:59:14 OK art social__newsroom-tiktok-com-en-us-tiktok-shop-launches-in-the-us
13:59:17 OK art social__influencermarketinghub-com-tiktok-shop-
13:59:26 OK art social__sproutsocial-com-insights-social-commerce-
13:59:32 OK art social__www-bigcommerce-com-articles-ecommerce-social-commerce-
13:59:35 OK art social__www-shopify-com-blog-live-shopping
14:04:59 OK art social__www-shopify-com-blog-tiktok-shop
14:05:02 OK art social__www-shopify-com-blog-social-commerce
