13:59:10 OK retail_cro Bk07cET2cl8 — Top 5 Ways To Fix Shopify Abandon Carts
13:59:10 OK retail_cro kLneJKAqRtk — How To Increase Conversion Rate On Shopify (2025 CRO Guide)
13:59:12 OK retail_cro kFWPkoOx_ao — How to Optimize Your Shopify Store for Higher Conversions
13:59:27 OK retail_cro T15_h9GO-HY — How To 10X Conversion Rate On Shopify (2025 CRO Guide)
13:59:28 OK retail_cro A-7pTamjBIw — How To 4X Your Shopify Conversion Rate (Complete CRO Guide)
13:59:35 OK retail_cro daDsoHXE52A — How To Increase Conversion Rates on Shopify (2026 Guide)
14:04:58 OK retail_cro ncHYcknB58w — The 1M Product Page Formula (Steal This Template)
14:04:58 OK retail_cro 2SuQpdEzzSk — 【独立站运营0-1】第三节：产品落地页布局，独立站Shopify详情页该如何去制作提高转化率和客单价
14:05:06 OK retail_cro UxWcEryGiCU — 5 Ways To Reduce Your Cart Abandonment Rate
14:05:28 OK retail_cro czFLy0xIVJ0 — 7 Ways To Boost eCommerce Conversion Rate (Part 1)
/Users/daribesoain/Projects/biblioteca-diseno-web/ingesta-videos/scripts/destilar_uno_retail.sh:18: no matches found: 2rgHknKdUf0.*.vtt
SIN-SUBS retail_cro 2rgHknKdUf0
/Users/daribesoain/Projects/biblioteca-diseno-web/ingesta-videos/scripts/destilar_uno_retail.sh:18: no matches found: We5SVniZgto.*.vtt
SIN-SUBS retail_cro We5SVniZgto
14:05:58 OK retail_cro vv74GmBXxHE — 15 UX Best Practices for Creating User-Friendly E-Commerce Product Pages
14:07:55 FALLO retail_cro JY3tK5qW6WE
14:08:37 OK retail_social HcJCGFjoNd8 — Complete Guide to Selling on TikTok Shop in 30 Minutes! (Step by Step)
14:09:05 OK retail_social orksvd-nlS0 — ✅ ¿CÓMO VENDER por TikTok y Cómo usar Tik Tok para VENTAS? (Mis 2 MÉTODOS 2023)
14:09:09 OK retail_cro 80DwREsYRNo — Cómo optimizar la HomePage de un ecommerce con CRO
14:09:30 OK retail_social yPjZEqkHy6k — Cómo Vender con tu Tienda en Instagram Paso a Paso 🛒
14:10:10 OK retail_social wuEebfuOC8Q — My 1 Million Dollar TikTok Shop Blitz Launch Strategy (2025 4-Step Blueprint)
14:10:15 OK retail_social f2fqHOj3874 — How to Create Viral Videos to Sell Products on TikTok and Instagram Reels
14:10:41 OK retail_social C4eyDXVorEo — How To SELL On Instagram in 2026
14:11:05 OK retail_social EkbuviesQh8 — 【全網最全】TikTok Shop美国跨境店註冊完整教程，不同店鋪類型區別詳解，手把手保姆級教學
14:11:09 OK retail_social jVxUhaN6GKk — How To Sell Your Product on TikTok Shop SUCCESSFULLY (9 Things You MUST Do)
14:11:35 OK retail_social Ys8Io8kzEPI — 3 Ways To Get Affiliates on TikTok Shop to Sell FOR YOU
14:12:39 FALLO retail_cro eWWOJL1y8Qw
/Users/daribesoain/Projects/biblioteca-diseno-web/ingesta-videos/scripts/destilar_uno_retail.sh:18: no matches found: WNXO5K-26SQ.*.vtt
SIN-SUBS retail_social WNXO5K-26SQ
14:13:17 OK retail_social 43zSoHpqwdc — I Analyzed 1,000 Viral TikTok Shop Affiliate Videos, Here's What Actually Works
14:13:29 OK retail_social XER6hvwStOM — 东南亚Tiktok小店新手完整教程｜3分钟开通店铺｜30分钟选品｜3天开卖｜手把手保姆级教学｜1000块开启你的线上电商生意！
14:13:55 OK retail_social EI4E0Cbqyg4 — How We Find TikTok Shop Affiliates To Make Us 100K+
14:13:56 OK retail_social ssFg8nDgemc — How To Sell On TikTok Shop For Beginners - Free Tutorial
14:14:17 OK retail_social 4sMXtHaGrAQ — Live Shopping in China 🇨🇳 - The future of online sales
14:14:19 OK retail_newretail UDIvWdwVZMg — Alibaba's Freshippo and Hema grocery stores are reinventing the supermarket of the future
14:14:19 OK retail_social y8ZELj3j4II — Whatnot Live Show Guide: How to Host, and Sell Like a Pro
/Users/daribesoain/Projects/biblioteca-diseno-web/ingesta-videos/scripts/destilar_uno_retail.sh:18: no matches found: Pl7VRRIs5Uo.*.vtt
SIN-SUBS retail_newretail Pl7VRRIs5Uo
14:14:45 OK retail_newretail 9-ktDtG_NjI — How 'Dark Stores' Are Speeding Up Grocery Deliveries 
14:14:50 OK retail_newretail G0PenYosKoc — Tech Behind Quick Commerce 
14:14:55 OK retail_newretail A4XMweYQQaw — THIS Is How Zepto & Blinkit Will Be Profitable 
14:15:21 OK retail_newretail TctKw6FfoJA — How BlinkIt is DEFEATING Zepto & Swiggy 
14:15:34 OK retail_newretail _bQzHGjjHLA — Una estrategia de omnicanalidad para recuperar clientes en la tienda física 
/Users/daribesoain/Projects/biblioteca-diseno-web/ingesta-videos/scripts/destilar_uno_retail.sh:18: no matches found: GA2_t6KJCZw.*.vtt
SIN-SUBS retail_newretail GA2_t6KJCZw
/Users/daribesoain/Projects/biblioteca-diseno-web/ingesta-videos/scripts/destilar_uno_retail.sh:18: no matches found: paqtAybOclI.*.vtt
SIN-SUBS retail_newretail paqtAybOclI
14:15:41 OK retail_newretail VqYhU6eKNCc — I Found a Shocking Report on Quick Commerce which Decodes India's ₹80,000 CR Opportunity!
14:15:54 OK retail_newretail -DASe9C9dqo — How to Start a Dark Store? 
14:16:08 OK retail_newretail 7ZLlq_K9KrA — Retail Media Networks Explained 
/Users/daribesoain/Projects/biblioteca-diseno-web/ingesta-videos/scripts/destilar_uno_retail.sh:18: no matches found: e-AyOHsU524.*.vtt
SIN-SUBS retail_newretail e-AyOHsU524
/Users/daribesoain/Projects/biblioteca-diseno-web/ingesta-videos/scripts/destilar_uno_retail.sh:18: no matches found: NTFKRxyZXqw.*.vtt
SIN-SUBS retail_newretail NTFKRxyZXqw
14:16:20 OK retail_newretail KcKonxMrrTk — New Retail 
14:16:43 OK retail_newretail xLuT3qChc70 — Retail Media Boom: Why Companies Build Ad Networks
