SKIP kLneJKAqRtk
SKIP Bk07cET2cl8
SKIP kFWPkoOx_ao
SKIP T15_h9GO-HY
SKIP A-7pTamjBIw
SKIP daDsoHXE52A
SKIP ncHYcknB58w
SKIP UxWcEryGiCU
SKIP 2SuQpdEzzSk
SKIP vv74GmBXxHE
SKIP eWWOJL1y8Qw
SKIP czFLy0xIVJ0
/Users/daribesoain/Projects/biblioteca-diseno-web/ingesta-videos/scripts/bajar_subs_retail.sh:12: no matches found: 2rgHknKdUf0.*.vtt
/Users/daribesoain/Projects/biblioteca-diseno-web/ingesta-videos/scripts/bajar_subs_retail.sh:16: no matches found: 2rgHknKdUf0.*.vtt
14:29:11 SIN-SUBS/FALLO 2rgHknKdUf0
/Users/daribesoain/Projects/biblioteca-diseno-web/ingesta-videos/scripts/bajar_subs_retail.sh:12: no matches found: We5SVniZgto.*.vtt
/Users/daribesoain/Projects/biblioteca-diseno-web/ingesta-videos/scripts/bajar_subs_retail.sh:16: no matches found: We5SVniZgto.*.vtt
14:30:38 SIN-SUBS/FALLO We5SVniZgto
SKIP JY3tK5qW6WE
SKIP 80DwREsYRNo
=== retail_cro:       30 vtt de       16 videos ===
SKIP HcJCGFjoNd8
SKIP orksvd-nlS0
SKIP yPjZEqkHy6k
SKIP wuEebfuOC8Q
SKIP f2fqHOj3874
SKIP C4eyDXVorEo
SKIP jVxUhaN6GKk
SKIP EkbuviesQh8
SKIP 43zSoHpqwdc
SKIP Ys8Io8kzEPI
SKIP EI4E0Cbqyg4
/Users/daribesoain/Projects/biblioteca-diseno-web/ingesta-videos/scripts/bajar_subs_retail.sh:12: no matches found: WNXO5K-26SQ.*.vtt
/Users/daribesoain/Projects/biblioteca-diseno-web/ingesta-videos/scripts/bajar_subs_retail.sh:16: no matches found: WNXO5K-26SQ.*.vtt
14:32:08 SIN-SUBS/FALLO WNXO5K-26SQ
SKIP XER6hvwStOM
SKIP ssFg8nDgemc
SKIP 4sMXtHaGrAQ
SKIP y8ZELj3j4II
=== retail_social:       28 vtt de       16 videos ===
SKIP UDIvWdwVZMg
SKIP A4XMweYQQaw
SKIP 9-ktDtG_NjI
/Users/daribesoain/Projects/biblioteca-diseno-web/ingesta-videos/scripts/bajar_subs_retail.sh:12: no matches found: Pl7VRRIs5Uo.*.vtt
/Users/daribesoain/Projects/biblioteca-diseno-web/ingesta-videos/scripts/bajar_subs_retail.sh:16: no matches found: Pl7VRRIs5Uo.*.vtt
14:32:36 SIN-SUBS/FALLO Pl7VRRIs5Uo
SKIP G0PenYosKoc
SKIP TctKw6FfoJA
SKIP _bQzHGjjHLA
SKIP VqYhU6eKNCc
SKIP -DASe9C9dqo
/Users/daribesoain/Projects/biblioteca-diseno-web/ingesta-videos/scripts/bajar_subs_retail.sh:12: no matches found: GA2_t6KJCZw.*.vtt
/Users/daribesoain/Projects/biblioteca-diseno-web/ingesta-videos/scripts/bajar_subs_retail.sh:16: no matches found: GA2_t6KJCZw.*.vtt
14:34:05 SIN-SUBS/FALLO GA2_t6KJCZw
/Users/daribesoain/Projects/biblioteca-diseno-web/ingesta-videos/scripts/bajar_subs_retail.sh:12: no matches found: paqtAybOclI.*.vtt
/Users/daribesoain/Projects/biblioteca-diseno-web/ingesta-videos/scripts/bajar_subs_retail.sh:16: no matches found: paqtAybOclI.*.vtt
14:35:35 SIN-SUBS/FALLO paqtAybOclI
SKIP 7ZLlq_K9KrA
SKIP KcKonxMrrTk
SKIP xLuT3qChc70
/Users/daribesoain/Projects/biblioteca-diseno-web/ingesta-videos/scripts/bajar_subs_retail.sh:12: no matches found: e-AyOHsU524.*.vtt
/Users/daribesoain/Projects/biblioteca-diseno-web/ingesta-videos/scripts/bajar_subs_retail.sh:16: no matches found: e-AyOHsU524.*.vtt
14:38:40 SIN-SUBS/FALLO e-AyOHsU524
/Users/daribesoain/Projects/biblioteca-diseno-web/ingesta-videos/scripts/bajar_subs_retail.sh:12: no matches found: NTFKRxyZXqw.*.vtt
/Users/daribesoain/Projects/biblioteca-diseno-web/ingesta-videos/scripts/bajar_subs_retail.sh:16: no matches found: NTFKRxyZXqw.*.vtt
14:39:32 SIN-SUBS/FALLO NTFKRxyZXqw
=== retail_newretail:       32 vtt de       16 videos ===
SUBS-RETRY-DONE
