scripts/bajar_subs_retail.sh:12: no matches found: HcJCGFjoNd8.*.vtt
scripts/bajar_subs_retail.sh:16: no matches found: HcJCGFjoNd8.*.vtt
13:50:02 SIN-SUBS/FALLO HcJCGFjoNd8
scripts/bajar_subs_retail.sh:12: no matches found: orksvd-nlS0.*.vtt
13:50:17 OK orksvd-nlS0
scripts/bajar_subs_retail.sh:12: no matches found: yPjZEqkHy6k.*.vtt
scripts/bajar_subs_retail.sh:16: no matches found: yPjZEqkHy6k.*.vtt
13:50:23 SIN-SUBS/FALLO yPjZEqkHy6k
scripts/bajar_subs_retail.sh:12: no matches found: wuEebfuOC8Q.*.vtt
13:50:29 OK wuEebfuOC8Q
scripts/bajar_subs_retail.sh:12: no matches found: f2fqHOj3874.*.vtt
scripts/bajar_subs_retail.sh:16: no matches found: f2fqHOj3874.*.vtt
13:50:34 SIN-SUBS/FALLO f2fqHOj3874
scripts/bajar_subs_retail.sh:12: no matches found: C4eyDXVorEo.*.vtt
13:50:41 OK C4eyDXVorEo
scripts/bajar_subs_retail.sh:12: no matches found: jVxUhaN6GKk.*.vtt
13:50:57 OK jVxUhaN6GKk
scripts/bajar_subs_retail.sh:12: no matches found: EkbuviesQh8.*.vtt
scripts/bajar_subs_retail.sh:16: no matches found: EkbuviesQh8.*.vtt
13:51:03 SIN-SUBS/FALLO EkbuviesQh8
scripts/bajar_subs_retail.sh:12: no matches found: 43zSoHpqwdc.*.vtt
13:51:09 OK 43zSoHpqwdc
scripts/bajar_subs_retail.sh:12: no matches found: Ys8Io8kzEPI.*.vtt
13:51:16 OK Ys8Io8kzEPI
scripts/bajar_subs_retail.sh:12: no matches found: EI4E0Cbqyg4.*.vtt
13:51:24 OK EI4E0Cbqyg4
scripts/bajar_subs_retail.sh:12: no matches found: WNXO5K-26SQ.*.vtt
scripts/bajar_subs_retail.sh:16: no matches found: WNXO5K-26SQ.*.vtt
13:51:30 SIN-SUBS/FALLO WNXO5K-26SQ
scripts/bajar_subs_retail.sh:12: no matches found: XER6hvwStOM.*.vtt
scripts/bajar_subs_retail.sh:16: no matches found: XER6hvwStOM.*.vtt
13:51:35 SIN-SUBS/FALLO XER6hvwStOM
scripts/bajar_subs_retail.sh:12: no matches found: ssFg8nDgemc.*.vtt
13:51:41 OK ssFg8nDgemc
scripts/bajar_subs_retail.sh:12: no matches found: 4sMXtHaGrAQ.*.vtt
scripts/bajar_subs_retail.sh:16: no matches found: 4sMXtHaGrAQ.*.vtt
13:51:48 SIN-SUBS/FALLO 4sMXtHaGrAQ
scripts/bajar_subs_retail.sh:12: no matches found: y8ZELj3j4II.*.vtt
13:51:55 OK y8ZELj3j4II
=== retail_social:       21 vtt de       16 videos ===
