scripts/bajar_subs_retail.sh:12: no matches found: kLneJKAqRtk.*.vtt
13:50:02 OK kLneJKAqRtk
scripts/bajar_subs_retail.sh:12: no matches found: Bk07cET2cl8.*.vtt
13:50:08 OK Bk07cET2cl8
scripts/bajar_subs_retail.sh:12: no matches found: kFWPkoOx_ao.*.vtt
13:50:14 OK kFWPkoOx_ao
scripts/bajar_subs_retail.sh:12: no matches found: T15_h9GO-HY.*.vtt
13:50:20 OK T15_h9GO-HY
scripts/bajar_subs_retail.sh:12: no matches found: A-7pTamjBIw.*.vtt
13:50:26 OK A-7pTamjBIw
scripts/bajar_subs_retail.sh:12: no matches found: daDsoHXE52A.*.vtt
13:50:35 OK daDsoHXE52A
scripts/bajar_subs_retail.sh:12: no matches found: ncHYcknB58w.*.vtt
13:50:40 OK ncHYcknB58w
scripts/bajar_subs_retail.sh:12: no matches found: UxWcEryGiCU.*.vtt
13:50:46 OK UxWcEryGiCU
scripts/bajar_subs_retail.sh:12: no matches found: 2SuQpdEzzSk.*.vtt
scripts/bajar_subs_retail.sh:16: no matches found: 2SuQpdEzzSk.*.vtt
13:50:52 SIN-SUBS/FALLO 2SuQpdEzzSk
scripts/bajar_subs_retail.sh:12: no matches found: vv74GmBXxHE.*.vtt
13:50:59 OK vv74GmBXxHE
scripts/bajar_subs_retail.sh:12: no matches found: eWWOJL1y8Qw.*.vtt
13:51:05 OK eWWOJL1y8Qw
scripts/bajar_subs_retail.sh:12: no matches found: czFLy0xIVJ0.*.vtt
13:51:11 OK czFLy0xIVJ0
scripts/bajar_subs_retail.sh:12: no matches found: 2rgHknKdUf0.*.vtt
scripts/bajar_subs_retail.sh:16: no matches found: 2rgHknKdUf0.*.vtt
13:51:16 SIN-SUBS/FALLO 2rgHknKdUf0
scripts/bajar_subs_retail.sh:12: no matches found: We5SVniZgto.*.vtt
scripts/bajar_subs_retail.sh:16: no matches found: We5SVniZgto.*.vtt
13:51:21 SIN-SUBS/FALLO We5SVniZgto
scripts/bajar_subs_retail.sh:12: no matches found: JY3tK5qW6WE.*.vtt
13:51:29 OK JY3tK5qW6WE
scripts/bajar_subs_retail.sh:12: no matches found: 80DwREsYRNo.*.vtt
scripts/bajar_subs_retail.sh:16: no matches found: 80DwREsYRNo.*.vtt
13:51:43 SIN-SUBS/FALLO 80DwREsYRNo
=== retail_cro:       28 vtt de       16 videos ===
