scripts/bajar_subs_retail.sh:12: no matches found: UDIvWdwVZMg.*.vtt
13:50:02 OK UDIvWdwVZMg
scripts/bajar_subs_retail.sh:12: no matches found: A4XMweYQQaw.*.vtt
13:50:08 OK A4XMweYQQaw
scripts/bajar_subs_retail.sh:12: no matches found: 9-ktDtG_NjI.*.vtt
13:50:15 OK 9-ktDtG_NjI
scripts/bajar_subs_retail.sh:12: no matches found: Pl7VRRIs5Uo.*.vtt
scripts/bajar_subs_retail.sh:16: no matches found: Pl7VRRIs5Uo.*.vtt
13:50:20 SIN-SUBS/FALLO Pl7VRRIs5Uo
scripts/bajar_subs_retail.sh:12: no matches found: G0PenYosKoc.*.vtt
13:50:26 OK G0PenYosKoc
scripts/bajar_subs_retail.sh:12: no matches found: TctKw6FfoJA.*.vtt
13:50:34 OK TctKw6FfoJA
scripts/bajar_subs_retail.sh:12: no matches found: _bQzHGjjHLA.*.vtt
13:50:42 OK _bQzHGjjHLA
scripts/bajar_subs_retail.sh:12: no matches found: VqYhU6eKNCc.*.vtt
13:50:48 OK VqYhU6eKNCc
scripts/bajar_subs_retail.sh:12: no matches found: -DASe9C9dqo.*.vtt
13:50:55 OK -DASe9C9dqo
scripts/bajar_subs_retail.sh:12: no matches found: GA2_t6KJCZw.*.vtt
scripts/bajar_subs_retail.sh:16: no matches found: GA2_t6KJCZw.*.vtt
13:51:10 SIN-SUBS/FALLO GA2_t6KJCZw
scripts/bajar_subs_retail.sh:12: no matches found: paqtAybOclI.*.vtt
scripts/bajar_subs_retail.sh:16: no matches found: paqtAybOclI.*.vtt
13:51:15 SIN-SUBS/FALLO paqtAybOclI
scripts/bajar_subs_retail.sh:12: no matches found: 7ZLlq_K9KrA.*.vtt
13:51:20 OK 7ZLlq_K9KrA
scripts/bajar_subs_retail.sh:12: no matches found: KcKonxMrrTk.*.vtt
13:51:28 OK KcKonxMrrTk
scripts/bajar_subs_retail.sh:12: no matches found: xLuT3qChc70.*.vtt
13:51:37 OK xLuT3qChc70
scripts/bajar_subs_retail.sh:12: no matches found: e-AyOHsU524.*.vtt
scripts/bajar_subs_retail.sh:16: no matches found: e-AyOHsU524.*.vtt
13:51:42 SIN-SUBS/FALLO e-AyOHsU524
scripts/bajar_subs_retail.sh:12: no matches found: NTFKRxyZXqw.*.vtt
scripts/bajar_subs_retail.sh:16: no matches found: NTFKRxyZXqw.*.vtt
13:51:48 SIN-SUBS/FALLO NTFKRxyZXqw
=== retail_newretail:       32 vtt de       16 videos ===
