10:22:56 INICIO subs eruditos-sueltos (4 videos)
LISTO eruditos-sueltos:        5 vtt
10:23:33 FIN subs eruditos-sueltos
10:24:03 INICIO subs PaddyGalloway (33 videos)
LISTO PaddyGalloway:       46 vtt
10:29:09 FIN subs PaddyGalloway
10:29:39 INICIO subs GrowMyAds (60 videos)
LISTO GrowMyAds:        0 vtt
10:39:11 FIN subs GrowMyAds
10:39:41 INICIO subs daradenney (60 videos)
LISTO daradenney:       70 vtt
10:49:03 FIN subs daradenney
10:49:33 INICIO subs AnalyticsMania (60 videos)
LISTO AnalyticsMania:        0 vtt
10:58:59 FIN subs AnalyticsMania
10:59:29 INICIO subs Optmyzr (60 videos)
LISTO Optmyzr:       72 vtt
11:09:03 FIN subs Optmyzr
11:09:33 INICIO subs FilmBooth (60 videos)
LISTO FilmBooth:       73 vtt
11:18:57 FIN subs FilmBooth
11:19:27 INICIO subs CreatorInsider (50 videos)
LISTO CreatorInsider:        0 vtt
11:27:30 FIN subs CreatorInsider
11:28:01 INICIO subs ColinandSamir (50 videos)
LISTO ColinandSamir:       61 vtt
11:36:08 FIN subs ColinandSamir
11:36:38 === OLA ERUDITOS SUBS TERMINADO ===
