[retail_cro] buscando: ecommerce conversion rate optimization strategy
[retail_cro] buscando: product detail page optimization ecommerce tutorial
[retail_cro] buscando: checkout optimization reduce cart abandonment
[retail_cro] buscando: mobile ecommerce UX best practices Baymard
[retail_cro] buscando: optimizacion conversion ecommerce tienda online
[retail_cro] buscando: CRO ecommerce como mejorar la conversion
[retail_cro] buscando: 电商转化率优化 技巧
[retail_cro] buscando: 详情页 转化率 优化
[retail_social] buscando: TikTok Shop strategy how to sell
[retail_social] buscando: live shopping live commerce strategy
[retail_social] buscando: social commerce strategy shoppable posts
[retail_social] buscando: TikTok creator affiliates ecommerce strategy
[retail_social] buscando: TikTok Shop estrategia vender productos
[retail_social] buscando: social commerce vender por redes sociales tienda
[retail_social] buscando: TikTok Shop 运营 教程
[retail_social] buscando: 直播带货 技巧 新手
[retail_newretail] buscando: new retail Alibaba Hema Freshippo model explained
[retail_newretail] buscando: omnichannel retail strategy O2O
[retail_newretail] buscando: retail media network how it works
[retail_newretail] buscando: dark stores quick commerce business model
[retail_newretail] buscando: nuevo retail omnicanal estrategia tiendas
[retail_newretail] buscando: 新零售 模式 解析
[retail_newretail] buscando: 私域流量 运营 方法
[retail_newretail] buscando: 社区团购 商业模式
=== INVENTARIOS ===
     112 /Users/daribesoain/Projects/biblioteca-diseno-web/ingesta-videos/retail-neo/canales/canal_retail_cro.txt
     120 /Users/daribesoain/Projects/biblioteca-diseno-web/ingesta-videos/retail-neo/canales/canal_retail_newretail.txt
     115 /Users/daribesoain/Projects/biblioteca-diseno-web/ingesta-videos/retail-neo/canales/canal_retail_social.txt
     347 total
