videos keep:       67
scripts/runner_ck.sh:67: no matches found: /Users/daribesoain/Projects/biblioteca-diseno-web/ingesta-videos/canales-kids/canales/subs/-aZDbrbbXTE*.vtt
scripts/runner_ck.sh:67: no matches found: /Users/daribesoain/Projects/biblioteca-diseno-web/ingesta-videos/canales-kids/canales/subs/2dw9MtyTunU*.vtt
scripts/runner_ck.sh:67: no matches found: /Users/daribesoain/Projects/biblioteca-diseno-web/ingesta-videos/canales-kids/canales/subs/3kiqniN6rII*.vtt
scripts/runner_ck.sh:67: no matches found: /Users/daribesoain/Projects/biblioteca-diseno-web/ingesta-videos/canales-kids/canales/subs/4cJ8d3vrI04*.vtt
scripts/runner_ck.sh:67: no matches found: /Users/daribesoain/Projects/biblioteca-diseno-web/ingesta-videos/canales-kids/canales/subs/5Hv1JSF20DM*.vtt
scripts/runner_ck.sh:67: no matches found: /Users/daribesoain/Projects/biblioteca-diseno-web/ingesta-videos/canales-kids/canales/subs/699mMxXnKZg*.vtt
scripts/runner_ck.sh:67: no matches found: /Users/daribesoain/Projects/biblioteca-diseno-web/ingesta-videos/canales-kids/canales/subs/6fidL51oakg*.vtt
scripts/runner_ck.sh:67: no matches found: /Users/daribesoain/Projects/biblioteca-diseno-web/ingesta-videos/canales-kids/canales/subs/7Eiqe_sShQg*.vtt
scripts/runner_ck.sh:67: no matches found: /Users/daribesoain/Projects/biblioteca-diseno-web/ingesta-videos/canales-kids/canales/subs/7ITff1fIbSc*.vtt
scripts/runner_ck.sh:67: no matches found: /Users/daribesoain/Projects/biblioteca-diseno-web/ingesta-videos/canales-kids/canales/subs/7U8vYps8fMk*.vtt
scripts/runner_ck.sh:67: no matches found: /Users/daribesoain/Projects/biblioteca-diseno-web/ingesta-videos/canales-kids/canales/subs/8cQidXgtGmU*.vtt
scripts/runner_ck.sh:67: no matches found: /Users/daribesoain/Projects/biblioteca-diseno-web/ingesta-videos/canales-kids/canales/subs/8mLXhUUC2ew*.vtt
scripts/runner_ck.sh:67: no matches found: /Users/daribesoain/Projects/biblioteca-diseno-web/ingesta-videos/canales-kids/canales/subs/9MFiggDzZXw*.vtt
scripts/runner_ck.sh:67: no matches found: /Users/daribesoain/Projects/biblioteca-diseno-web/ingesta-videos/canales-kids/canales/subs/9PDZNQX1Ut0*.vtt
scripts/runner_ck.sh:67: no matches found: /Users/daribesoain/Projects/biblioteca-diseno-web/ingesta-videos/canales-kids/canales/subs/9mgo8QsmxSI*.vtt
scripts/runner_ck.sh:67: no matches found: /Users/daribesoain/Projects/biblioteca-diseno-web/ingesta-videos/canales-kids/canales/subs/DIciZ4E5hNg*.vtt
scripts/runner_ck.sh:67: no matches found: /Users/daribesoain/Projects/biblioteca-diseno-web/ingesta-videos/canales-kids/canales/subs/EbmRp4SdEaw*.vtt
scripts/runner_ck.sh:67: no matches found: /Users/daribesoain/Projects/biblioteca-diseno-web/ingesta-videos/canales-kids/canales/subs/FDoirvVEHMQ*.vtt
scripts/runner_ck.sh:67: no matches found: /Users/daribesoain/Projects/biblioteca-diseno-web/ingesta-videos/canales-kids/canales/subs/FTGTZWim5LE*.vtt
scripts/runner_ck.sh:67: no matches found: /Users/daribesoain/Projects/biblioteca-diseno-web/ingesta-videos/canales-kids/canales/subs/GJmv8v-QI7w*.vtt
scripts/runner_ck.sh:67: no matches found: /Users/daribesoain/Projects/biblioteca-diseno-web/ingesta-videos/canales-kids/canales/subs/HURkewhFaso*.vtt
scripts/runner_ck.sh:67: no matches found: /Users/daribesoain/Projects/biblioteca-diseno-web/ingesta-videos/canales-kids/canales/subs/Hre1l0TieJ8*.vtt
scripts/runner_ck.sh:67: no matches found: /Users/daribesoain/Projects/biblioteca-diseno-web/ingesta-videos/canales-kids/canales/subs/Inso3Noy4Mk*.vtt
scripts/runner_ck.sh:67: no matches found: /Users/daribesoain/Projects/biblioteca-diseno-web/ingesta-videos/canales-kids/canales/subs/K99Z_6SUc_I*.vtt
scripts/runner_ck.sh:67: no matches found: /Users/daribesoain/Projects/biblioteca-diseno-web/ingesta-videos/canales-kids/canales/subs/L7_YIURTcaY*.vtt
scripts/runner_ck.sh:67: no matches found: /Users/daribesoain/Projects/biblioteca-diseno-web/ingesta-videos/canales-kids/canales/subs/LwkvhlrkEHw*.vtt
scripts/runner_ck.sh:67: no matches found: /Users/daribesoain/Projects/biblioteca-diseno-web/ingesta-videos/canales-kids/canales/subs/MASo0A-fj7s*.vtt
scripts/runner_ck.sh:67: no matches found: /Users/daribesoain/Projects/biblioteca-diseno-web/ingesta-videos/canales-kids/canales/subs/MBxjPb8hRws*.vtt
scripts/runner_ck.sh:67: no matches found: /Users/daribesoain/Projects/biblioteca-diseno-web/ingesta-videos/canales-kids/canales/subs/N-q-XLQymnU*.vtt
scripts/runner_ck.sh:67: no matches found: /Users/daribesoain/Projects/biblioteca-diseno-web/ingesta-videos/canales-kids/canales/subs/O9_EHU5BKnQ*.vtt
scripts/runner_ck.sh:67: no matches found: /Users/daribesoain/Projects/biblioteca-diseno-web/ingesta-videos/canales-kids/canales/subs/QS7SmmxSpe8*.vtt
scripts/runner_ck.sh:67: no matches found: /Users/daribesoain/Projects/biblioteca-diseno-web/ingesta-videos/canales-kids/canales/subs/QywX5p2mMuY*.vtt
scripts/runner_ck.sh:67: no matches found: /Users/daribesoain/Projects/biblioteca-diseno-web/ingesta-videos/canales-kids/canales/subs/RamChAeJ3vM*.vtt
scripts/runner_ck.sh:67: no matches found: /Users/daribesoain/Projects/biblioteca-diseno-web/ingesta-videos/canales-kids/canales/subs/VgyMpyvwJUA*.vtt
scripts/runner_ck.sh:67: no matches found: /Users/daribesoain/Projects/biblioteca-diseno-web/ingesta-videos/canales-kids/canales/subs/XRr2sBnfxac*.vtt
scripts/runner_ck.sh:67: no matches found: /Users/daribesoain/Projects/biblioteca-diseno-web/ingesta-videos/canales-kids/canales/subs/YEFptHp0AmM*.vtt
scripts/runner_ck.sh:67: no matches found: /Users/daribesoain/Projects/biblioteca-diseno-web/ingesta-videos/canales-kids/canales/subs/Z1uNCAu0y_8*.vtt
scripts/runner_ck.sh:67: no matches found: /Users/daribesoain/Projects/biblioteca-diseno-web/ingesta-videos/canales-kids/canales/subs/ZVEfS6yAIcc*.vtt
scripts/runner_ck.sh:67: no matches found: /Users/daribesoain/Projects/biblioteca-diseno-web/ingesta-videos/canales-kids/canales/subs/_HEnohs6yYw*.vtt
scripts/runner_ck.sh:67: no matches found: /Users/daribesoain/Projects/biblioteca-diseno-web/ingesta-videos/canales-kids/canales/subs/a-yeaMDQN8w*.vtt
scripts/runner_ck.sh:67: no matches found: /Users/daribesoain/Projects/biblioteca-diseno-web/ingesta-videos/canales-kids/canales/subs/c3HF42JpCUo*.vtt
scripts/runner_ck.sh:67: no matches found: /Users/daribesoain/Projects/biblioteca-diseno-web/ingesta-videos/canales-kids/canales/subs/cFl9YrZYAUg*.vtt
scripts/runner_ck.sh:67: no matches found: /Users/daribesoain/Projects/biblioteca-diseno-web/ingesta-videos/canales-kids/canales/subs/cZX63GijH2E*.vtt
scripts/runner_ck.sh:67: no matches found: /Users/daribesoain/Projects/biblioteca-diseno-web/ingesta-videos/canales-kids/canales/subs/cmTyJn5fdUM*.vtt
scripts/runner_ck.sh:67: no matches found: /Users/daribesoain/Projects/biblioteca-diseno-web/ingesta-videos/canales-kids/canales/subs/dMZ-n2KSlxE*.vtt
scripts/runner_ck.sh:67: no matches found: /Users/daribesoain/Projects/biblioteca-diseno-web/ingesta-videos/canales-kids/canales/subs/fLDrB_wmbNE*.vtt
scripts/runner_ck.sh:67: no matches found: /Users/daribesoain/Projects/biblioteca-diseno-web/ingesta-videos/canales-kids/canales/subs/fO-adkXcS3E*.vtt
scripts/runner_ck.sh:67: no matches found: /Users/daribesoain/Projects/biblioteca-diseno-web/ingesta-videos/canales-kids/canales/subs/fUXdrl9ch_Q*.vtt
scripts/runner_ck.sh:67: no matches found: /Users/daribesoain/Projects/biblioteca-diseno-web/ingesta-videos/canales-kids/canales/subs/ftSFRVe7eHw*.vtt
scripts/runner_ck.sh:67: no matches found: /Users/daribesoain/Projects/biblioteca-diseno-web/ingesta-videos/canales-kids/canales/subs/gEQ0BLyVJhY*.vtt
scripts/runner_ck.sh:67: no matches found: /Users/daribesoain/Projects/biblioteca-diseno-web/ingesta-videos/canales-kids/canales/subs/gs2tA8jZvd4*.vtt
scripts/runner_ck.sh:67: no matches found: /Users/daribesoain/Projects/biblioteca-diseno-web/ingesta-videos/canales-kids/canales/subs/lBzyO8JJrzY*.vtt
scripts/runner_ck.sh:67: no matches found: /Users/daribesoain/Projects/biblioteca-diseno-web/ingesta-videos/canales-kids/canales/subs/mqd3KH3TRIw*.vtt
scripts/runner_ck.sh:67: no matches found: /Users/daribesoain/Projects/biblioteca-diseno-web/ingesta-videos/canales-kids/canales/subs/ogKIbUnYXio*.vtt
scripts/runner_ck.sh:67: no matches found: /Users/daribesoain/Projects/biblioteca-diseno-web/ingesta-videos/canales-kids/canales/subs/pIRnaDRKios*.vtt
scripts/runner_ck.sh:67: no matches found: /Users/daribesoain/Projects/biblioteca-diseno-web/ingesta-videos/canales-kids/canales/subs/pfWA60Whjfo*.vtt
scripts/runner_ck.sh:67: no matches found: /Users/daribesoain/Projects/biblioteca-diseno-web/ingesta-videos/canales-kids/canales/subs/sZXHSXuJciw*.vtt
scripts/runner_ck.sh:67: no matches found: /Users/daribesoain/Projects/biblioteca-diseno-web/ingesta-videos/canales-kids/canales/subs/tI3NP_T6n30*.vtt
scripts/runner_ck.sh:67: no matches found: /Users/daribesoain/Projects/biblioteca-diseno-web/ingesta-videos/canales-kids/canales/subs/v_o9_XuM9kg*.vtt
scripts/runner_ck.sh:67: no matches found: /Users/daribesoain/Projects/biblioteca-diseno-web/ingesta-videos/canales-kids/canales/subs/w4QeaZK5I2g*.vtt
scripts/runner_ck.sh:67: no matches found: /Users/daribesoain/Projects/biblioteca-diseno-web/ingesta-videos/canales-kids/canales/subs/wZonRKXyvzI*.vtt
scripts/runner_ck.sh:67: no matches found: /Users/daribesoain/Projects/biblioteca-diseno-web/ingesta-videos/canales-kids/canales/subs/xM1Rsi8fAMk*.vtt
scripts/runner_ck.sh:67: no matches found: /Users/daribesoain/Projects/biblioteca-diseno-web/ingesta-videos/canales-kids/canales/subs/xvd1jbF24ag*.vtt
scripts/runner_ck.sh:67: no matches found: /Users/daribesoain/Projects/biblioteca-diseno-web/ingesta-videos/canales-kids/canales/subs/yWtiWXqQpC4*.vtt
scripts/runner_ck.sh:67: no matches found: /Users/daribesoain/Projects/biblioteca-diseno-web/ingesta-videos/canales-kids/canales/subs/yr14umjEssc*.vtt
scripts/runner_ck.sh:67: no matches found: /Users/daribesoain/Projects/biblioteca-diseno-web/ingesta-videos/canales-kids/canales/subs/yzFAfn4kX7o*.vtt
scripts/runner_ck.sh:67: no matches found: /Users/daribesoain/Projects/biblioteca-diseno-web/ingesta-videos/canales-kids/canales/subs/za2VyvLl5T0*.vtt
subs:      119
destilar_video:4: no matches found: /Users/daribesoain/Projects/biblioteca-diseno-web/ingesta-videos/canales-kids/canales/subs/3kiqniN6rII*.vtt
destilar_video:4: no matches found: /Users/daribesoain/Projects/biblioteca-diseno-web/ingesta-videos/canales-kids/canales/subs/9MFiggDzZXw*.vtt
destilar_video:4: no matches found: /Users/daribesoain/Projects/biblioteca-diseno-web/ingesta-videos/canales-kids/canales/subs/9PDZNQX1Ut0*.vtt
destilar_video:4: no matches found: /Users/daribesoain/Projects/biblioteca-diseno-web/ingesta-videos/canales-kids/canales/subs/RamChAeJ3vM*.vtt
destilar_video:4: no matches found: /Users/daribesoain/Projects/biblioteca-diseno-web/ingesta-videos/canales-kids/canales/subs/XRr2sBnfxac*.vtt
destilar_video:4: no matches found: /Users/daribesoain/Projects/biblioteca-diseno-web/ingesta-videos/canales-kids/canales/subs/_HEnohs6yYw*.vtt
destilar_video:4: no matches found: /Users/daribesoain/Projects/biblioteca-diseno-web/ingesta-videos/canales-kids/canales/subs/fUXdrl9ch_Q*.vtt
destilar_video:4: no matches found: /Users/daribesoain/Projects/biblioteca-diseno-web/ingesta-videos/canales-kids/canales/subs/ogKIbUnYXio*.vtt
destilar_video:4: no matches found: /Users/daribesoain/Projects/biblioteca-diseno-web/ingesta-videos/canales-kids/canales/subs/tI3NP_T6n30*.vtt
destilar_video:4: no matches found: /Users/daribesoain/Projects/biblioteca-diseno-web/ingesta-videos/canales-kids/canales/subs/w4QeaZK5I2g*.vtt
destilar_video:4: no matches found: /Users/daribesoain/Projects/biblioteca-diseno-web/ingesta-videos/canales-kids/canales/subs/xvd1jbF24ag*.vtt
destilar_video:4: no matches found: /Users/daribesoain/Projects/biblioteca-diseno-web/ingesta-videos/canales-kids/canales/subs/yWtiWXqQpC4*.vtt
destilados video:       54
SPA/CORTO buffer_tiktok (       2w)
SPA/CORTO hootsuite_tiktok (       2w)
SPA/CORTO backlinko_tiktok (       2w)
SPA/CORTO imh_creator_rewards (       2w)
SPA/CORTO sprout_reels (       2w)
SPA/CORTO later_reels (       2w)
SPA/CORTO buffer_threads (       2w)
SPA/CORTO tubefilter_kids (       2w)
SPA/CORTO kidscreen_licensing (       2w)
SPA/CORTO metricool_tiktok_es (       2w)
SPA/CORTO metricool_reels_es (       2w)
SPA/CORTO rd_tiktok_pt (       2w)
SPA/CORTO hubspot_shorts (       2w)
SPA/CORTO licenseglobal_kids (       2w)
scripts/runner_ck.sh:154: no matches found: /Users/daribesoain/Projects/biblioteca-diseno-web/ingesta-videos/canales-kids/destilado/art_*.md
destilados artículo:        0
OLA CK COMPLETA
