10:23:35 OK articulo email/chase-dimond-email-flows
10:25:18 OK articulo email/chase-dimond-reengagement
10:26:35 OK articulo email/google-sender-guidelines
10:29:37 OK articulo email/klaviyo-benchmark-2025-amer
10:30:31 OK articulo email/klaviyo-benchmarks-by-industry
10:31:20 OK articulo email/klaviyo-reengage-old-list
10:32:15 OK articulo email/klaviyo-replenishment-flow
10:33:37 OK articulo google-ads/mike-rhodes-negative-script
10:34:26 OK articulo google-ads/optmyzr-data-studies-index
10:35:38 OK articulo linkedin/b2linked-ep125-low-budget
10:36:27 OK articulo linkedin/b2linked-ep164-pitfalls
10:37:41 OK articulo linkedin/b2linked-ep89-bidding
10:38:49 OK articulo meta-ads/kanal-ctwa-benchmarks-2026
10:40:44 OK articulo meta-ads/motion-creative-benchmarks-2026
10:41:45 OK articulo tiktok/m2e-tiktok-shop-latam
10:42:45 OK articulo tiktok/soul-digital-tiktok-shop-chile
10:44:42 OK articulo tiktok/tiktok-next-2026-trend-report
10:45:17 OK articulo tiktok/tiktok-smartplus-best-practices
10:46:06 OK articulo whatsapp/aisensy-frequency-capping
10:46:59 OK articulo whatsapp/infobip-frequency-capping
10:46:59 === ARTICULOS ERUDITOS TERMINADO ===
eruditos-email: 7 destilados
eruditos-google-ads: 2 destilados
eruditos-linkedin: 3 destilados
eruditos-meta-ads: 2 destilados
eruditos-sueltos: 4 destilados
eruditos-tiktok: 4 destilados
eruditos-whatsapp: 2 destilados
