12:34 subs SolutionsUno listos:      102
12:40 subs JonLoomer listos:      109
12:46 subs FoxwellDigital listos:      110
12:53 subs YouTubeCreators listos:      101
12:53:20 OK SolutionsUno QsO9jEdMuLY — ✅ Custom Labels in Google Ads: Activation Time, Using Multiples & What If Product Titles Change?
SIN-SUBS SolutionsUno D5Tn5hsWApE
12:53:22 OK SolutionsUno YMDSUOSGd9o — 🧲 Google Ads Lead Generation Campaign Strategy to Increase Conversions
12:53:27 OK SolutionsUno vhOCc2S5xxM — 💰 The Google Ads Aficionados: Insights on John Moran’s Shopping Feeder Strategy
12:53:33 OK SolutionsUno u2jJH6wrbAY — 💣 Google Ads Standard Shopping With Performance Max Strategy to Lower CPCs
12:53:37 OK SolutionsUno 4T7fdjd-mG4 — 🔎 How to Analyze PMax Data and Asset Groups (Mike Rhodes' Script)
12:53:39 OK SolutionsUno uyiM98g1F0U — 💣 Google Ads Guide on How to Switch From Performance Max to Standard Shopping
12:53:46 OK SolutionsUno shCNyIJYJRU — 💣 Using Only Target ROAS Bidding for Standard Shopping Campaigns
12:53:50 OK SolutionsUno EwsDW3OQj5k — ✅ Best Practices for Setting up Google Ads Conversion Actions for eCommerce and Lead Generation
12:53:50 OK SolutionsUno wYm34_1HHCI — 💣 Google Ads Lead Generation Problems: Low Lead Volume and Slow Lead Follow-up
12:53:55 OK SolutionsUno s8AQiOAXsKA — 💰 Google Ads Success From Performance Max to Standard Shopping
12:54:00 OK SolutionsUno NTdQpENDQ7g — 💰 Get the Biggest Bang for Your Buck in Brand Campaigns: Bidding Strategy to Lower the CPC
12:54:02 OK SolutionsUno EZm1aLJpa5Q — 🔥 How to Create Custom Labels Using Google Merchant Center
12:54:04 OK SolutionsUno h1_sE55m8fw — 💰 How We Doubled Revenue in Two Months by Switching From Performance Max to Standard Shopping
12:54:12 OK SolutionsUno 3MwJ28lIExs — 💰 How To Optimize Product Titles For Effective Google Ads Campaigns
12:54:15 OK SolutionsUno sBuQRgDNuBk — 🧐 Google Ads Optimization Tricks: How to Consolidate ALL Your Shopping Ads Data
12:54:19 OK SolutionsUno DQSmJeoEK8Q — 💰 Google Ads Success Strategy: From 30K/Month to Six Figures With Performance Max
12:54:25 OK SolutionsUno TUH53r8Wp0s — 🔥 Google Ads Strategy: Hypersegmentation of Standard Shopping Campaigns
12:54:28 OK SolutionsUno cb1Pkwx2LGQ — 💣 Top Tips for Running Successful Lead Generation Ads from the GAds Girls
12:54:32 OK SolutionsUno 6HOdrkCN6ZE — 💣 Google Ads Strategy: Removing Google’s Algorithm From Standard Shopping
12:54:37 OK SolutionsUno oxtvye5iyuY — 🥇 The 6 Key Google Ad Campaigns The Best Agency Includes in Their SOP
12:54:39 OK SolutionsUno RxYg_J4UyIM — 🔥 How to Solve the Google Ads Attribution Problem Caused by Performance Max
12:54:48 OK SolutionsUno Il-11f6mCjE — 🔥 Managing Performance Max Asset Groups and Campaign Overlap
12:54:49 OK SolutionsUno xEtN7ebGMCI — 💸 The Ultimate Guide to Google Ads for 2023 
12:54:58 OK SolutionsUno ZVOginFDwf0 — ❎ How to Use Placement Exclusions in Performance Max Campaigns
12:54:58 OK SolutionsUno zi-EiSR6k9c — 🛒 Boost Sales With These Google Shopping Feed Optimization Tips
12:55:02 OK SolutionsUno xPCeRRAwdDI — 🕸️ Expert Tips for Managing Campaign Overlap in Google Ads 
12:55:07 OK SolutionsUno VBxciATaGq4 — 🔥 How To Analyze Performance Max Campaign Data
12:55:07 OK SolutionsUno NRCL0UJp6Yc — 💣 New Hack to Create SUCCESSFUL PMax Feed Only Campaigns
12:55:16 OK SolutionsUno 5ohte-pdP3I — ⚠️ Why PMax Feed Only Campaign is NOT Part of the Account Build SOP for eCommerce
12:55:19 OK SolutionsUno HlqENfVWj2o — 🧯 Managing Spam Leads on Your YouTube Ads 
12:55:24 OK SolutionsUno uDbje0ey75Q — 📜 General Account Build SOP for eCommerce
12:55:27 OK SolutionsUno 1cjecotLcmw — 🧲 Top-of-the-Funnel Marketing for Successful Lead Generation Ads 
12:55:36 OK SolutionsUno 7WKbzoFrqaM — 🦾 How to Import High-Quality Leads from HubSpot or GHL to Google  
12:55:37 OK SolutionsUno 5VY-Qj8y-Iw — 🚀 Lead Form Best Practices to Maximize Your Conversions 
12:55:39 OK SolutionsUno 8T5cSAtC1l4 — 🔥 Scaling Your Lead Gen Ads With Broadomation 
12:55:49 OK SolutionsUno 15YPSgOTNgQ — 💔 Lead Generation 101: Why Your Lead Gen Ads Are Failing and How to Fix Them
12:55:50 OK SolutionsUno pWnnMilif3c — 🎥 Guide to YouTube Targeting 
12:55:56 OK SolutionsUno UmrWbJl7l2A — 🧠 How to Structure Your Performance Max Feed Only Campaign 
12:56:04 OK SolutionsUno bB2B4Nu_j6I — 🎯 Analyzing Audience Segments 
12:56:05 OK SolutionsUno OIMwv6zi-x4 — 💳 Scaling Performance Max Campaigns for eCommerce Part 1
12:56:10 OK SolutionsUno yRkNrupEuOI — 📣 The Best Strategy to Promote a Product with Performance Max 
12:56:17 OK SolutionsUno TAVGqrFh5G4 — 💰 How to Manage ROAS in Performance Max Without a tCPA or tROAS
12:56:26 OK SolutionsUno ekOsYRp8Z0k — 💣 Performance Max Best Practices With Cory Lindholm
12:56:27 OK SolutionsUno fAk2_1Nwxgk — 💔 Why Performance Max Fails 
12:56:29 OK SolutionsUno 7c74CMnGK74 — 🗃 How to Break Down Asset Groups in Performance Max 
12:56:36 OK SolutionsUno VnTzcTGJHcc — Pro-Tip! How to Stop Performance Max From Stealing From Your Brand Campaigns
12:56:39 OK SolutionsUno BhW0f-RENFo — 🏁 How to Steer Performance Max to the Network You Want 
12:56:42 OK SolutionsUno 1I-DYGB9E_c — 📜 Free Download: The Performance Max Standard Operating Procedure
12:56:55 OK SolutionsUno T5U9qQF1ApU — Google Ads for Lead Generation: The Ultimate Guide
12:57:05 OK JonLoomer Kq80jczIuuA — Does Worldwide Targeting Actually Work for Sales?
12:57:05 OK JonLoomer yXc2cAd_B0E — Can Your Audience Be Too Niche for Meta Ads?
12:57:05 OK JonLoomer IXxVMKrZ4nQ — How Do You Reach Only New Customers?
12:57:13 OK JonLoomer L8fiEfHgGy8 — Meta's Conversion Reporting Is Not the Problem
12:57:13 OK JonLoomer lOhs1arlsLU — Click Attribution Isn't What It Used to Be
12:57:14 OK JonLoomer raTwalw99ig — Does Manual Bidding Actually Work?
12:57:20 OK JonLoomer kKGDk-D9Ego — Do You Need Separate Ad Sets for Customer Personas?
12:57:23 OK JonLoomer WfoA-2u5KEA — How I Actually Approach Targeting in 2026
12:57:25 OK JonLoomer mR84yVP2_Qw — The Case for Removing Audience Suggestions
12:57:28 OK JonLoomer 0cINc9ds3Pc — How to Exclude Customers from Your Ads
12:57:31 OK JonLoomer m4JmGFzhlNw — Audience Suggestions Are an Illusion of Control
12:57:33 OK JonLoomer fn1PiqDN_Nk — How to Structure Seasonal Ad Campaigns
12:57:37 OK JonLoomer -DE7MHI6YLo — When to Use Multiple Campaigns or Ad Sets
12:57:41 OK JonLoomer IqNq_Poh3Ow — How to Use Value Rules to Solve Problems
12:57:43 OK JonLoomer 2GySO9CMIOA — What Attribution Setting Should You Use?
12:57:46 OK JonLoomer Pb6C-V8G8kQ — The Learning Phase Is Just a Label
12:57:50 OK JonLoomer FpdUWKh7Qa0 — When Does Remarketing Actually Make Sense?
12:57:53 OK JonLoomer dnjfKEo2VvI — Frequency Is Not Your Problem
12:57:56 OK JonLoomer b06Dd4aVyzg — How the Meta Ad Auction Works
12:57:58 OK JonLoomer GCTprYFI7Pw — Incremental Attribution Explained
12:58:02 OK JonLoomer hbmlkb7io-s — Targeting Isn't What It Used to Be
12:58:07 OK JonLoomer g7bthW7eJbA — Is Your Campaign Objective Irrelevant?
12:58:07 OK JonLoomer aa21heOWC5Y — When Your Budget Is Just Too Small
12:58:12 OK JonLoomer wkFvq2qpI3A — Why Your Performance Goal Changes Everything
12:58:18 OK JonLoomer 9fKsc55FNvo — The Truth About Meta's Click Attribution
12:58:18 OK JonLoomer DWzs5f-Y8m4 — What You Don't Know About Meta Attribution
12:58:21 OK JonLoomer xS7zv-HMM2E — Should You Count View Through Conversions?
12:58:29 OK JonLoomer uQn_qLaeF-0 — Understanding How Meta's Algorithm Really Works
12:58:29 OK JonLoomer UcWor5nA2Z4 — The Case for Simple Meta Ad Campaigns
12:58:32 OK JonLoomer jgsFqIj9FVc — When to Use Advantage+ Audience
12:58:38 OK JonLoomer ovdaw-Ioepo — The New Role of Remarketing
12:58:39 OK JonLoomer wxp1s-IHZB8 — Do You Still Need Detailed Targeting?
12:58:43 OK JonLoomer A94_UxXj8gA — Is It Time to Abandon Lookalike Audiences?
12:58:49 OK JonLoomer lDaZVQ0cikk — Advantage+ Audience Best Practices
12:58:50 OK JonLoomer 8HlMWC2s5fA — How to Sync Offline Events to Conversions API Using Zapier and Google Sheets
12:58:56 OK JonLoomer 3GfOpMS2V48 — 6 Common Targeting Mistakes with Meta Advertising
12:59:00 OK JonLoomer Q3X1ZBjOTdI — 5 Most Common Attribution Mistakes
12:59:00 OK JonLoomer fmdhCPFOBEE — The Most Common Optimization Mistakes that Advertisers Make
12:59:07 OK JonLoomer 7Lp3Zfgz3x4 — When Broad Targeting Fails
12:59:10 OK JonLoomer 2Rahm5n3Y68 — Tutorial: Set Up Conversions API Gateway with Stape
12:59:11 OK JonLoomer fCu-fu28aM0 — Which Advantage+ Creative Enhancements Should You Turn On?
12:59:18 OK JonLoomer 8WX9_eCsfgo — Meta Ads Attribution Setting Deep Dive
12:59:18 OK JonLoomer QryrOZUQVbI — Custom Events Deep Dive
12:59:21 OK JonLoomer 41Kiuxaw8tU — Advantage+ Audience Deep Dive
12:59:26 OK JonLoomer WpPst_oY_vQ — Understanding Meta Event Parameters
12:59:28 OK JonLoomer 6yjAgqcFj2M — How to Use Custom Metrics with Facebook Ads Manager
12:59:30 OK JonLoomer rOAeoTR5zdE — Meta Custom Pixel Events That I Use
12:59:36 OK JonLoomer nJCl837tGeo — Know and Follow the Rules of Facebook Advertising
12:59:38 OK JonLoomer kL3zunz51iU — Facebook Campaign Structure with Ad Sets Tutorial
12:59:39 OK JonLoomer 4X7vw7YShwc — Why I Use Google Tag Manager to Manage My Pixel
12:59:53 OK FoxwellDigital BzrgB27ucKY — Founders Forum: Meta's Creative AI Update And The Benefits Of Using AI Personas
12:59:53 OK FoxwellDigital cJZiKCyBSfQ — Founders Forum: How to win in Q4 with UGC creators and influencers; combining organic & paid social
12:59:58 OK FoxwellDigital 3WghlLlqxA4 — Founders Forum: How To Avoid Excessive Testing In Your Ad Accounts
13:00:05 OK FoxwellDigital TdZjwDFCgjA — Founders Forum: The Metrics That Truly Drive Success For Your Ad Accounts
13:00:12 OK FoxwellDigital AniBeD26uU0 — Founders Forum: Where To Start When Ad Performance Has Taken A Dive
13:00:19 OK FoxwellDigital lTebuo4Kkso — Reporting Mastery with Phil Kiel 
13:00:21 OK FoxwellDigital h41Ab-8b5yQ — Founders Forum: Increasing Ad Account Performance With Creative
13:00:27 OK FoxwellDigital S_UtpQUoMFU — Founders Forum: Is Your Meta Tracking Broken?
13:00:35 OK FoxwellDigital W-GdwAFzPjU — What's Working on Meta Ads in the EU? April 2024 Update from Florian Litterst of Adsventure.de
13:00:40 OK FoxwellDigital EntAFfuKG9k — Founders Forum: UGC Creative Strategies & What You Should Be Paying For Creative With Blake Driver
13:00:43 OK FoxwellDigital kYs5I-hheb8 — Creative Scaling During Black Friday and Cyber Monday (BFCM)
13:00:45 OK FoxwellDigital NAmZJZQEFG4 — Profitability Large Account Deep Dive w/Spencer Toft 
13:00:52 OK FoxwellDigital WqkqkBflbfs — Profitability Large Account Deep Dive w/Spencer Toft 
13:00:53 OK FoxwellDigital aEA0DD7m7bI — Profitability Large Account Deep Dive w/Spencer Toft 
13:00:58 OK FoxwellDigital lqZhX9PJSrQ — Profitability Large Account Deep Dive w/Spencer Toft 
13:01:01 OK FoxwellDigital tL7TjuBhAJg — Barry Hott's Monthly Ad Roast 
13:01:06 OK FoxwellDigital ziJloP3n-dI — Profitability Large Account Deep Dive w/Spencer Toft 
13:01:10 OK FoxwellDigital x3GRd4jgcAc — Founders Cohort Performance & Profitability & Reporting 
13:01:11 OK FoxwellDigital q9dZj5YIwpQ — Founders Cohort Performance & Profitability & Reporting 
13:01:15 OK FoxwellDigital EW32PIqqh5k — EU Advertisers Call 
13:01:23 OK FoxwellDigital J06Ce4bBMU0 — How to Use Motion for Ad Account Creative Decision Making - Phil Kiel from Hello Earth
13:01:25 OK FoxwellDigital ziZFPusKmtw — How to Use Motion for Ad Auditing and Creative Strategy Workflow - Max Langois from Hype 10
13:01:27 OK FoxwellDigital 2kqtph70dcM — How to use branded content for Instagram and Facebook ads
13:01:37 OK FoxwellDigital QPP_JBysoHw — Small Spenders Cohort 
13:01:40 OK FoxwellDigital tN03K-oH0UI — How Dara Denney Uses Motion to Build Creative Reports
13:01:40 OK FoxwellDigital AxVFdpVuKBQ — Tracking Creatives and Using Reports with Motion, Courtney Fritts Interview
13:01:48 OK FoxwellDigital ltyqDV20oII — Small Spenders Cohort 
13:01:49 OK FoxwellDigital 7JqeVdBF26I — Creative Cohort 
13:01:53 OK FoxwellDigital 4zQn72S4rQ8 — Creative Cohort 
13:02:01 OK FoxwellDigital 7nVazmuLoMg — Founders Cohort Ad Performance Profitability Reporting 
13:02:01 OK FoxwellDigital kVnmBqB0jZk — Founders Cohort Ad Performance Profitability Reporting 
13:02:07 OK FoxwellDigital 5DV0dfmmUAo — Barry Hott's Ad Roasts 
13:02:10 OK FoxwellDigital nldXKjoGQU8 — Founder Member Daniel Okon 
13:02:12 OK FoxwellDigital PJWni35fkSQ — Creative Strategy Call (April) 
13:02:16 OK FoxwellDigital pLtYAtvqxrE — Creative Strategy Call (April) 
13:02:20 OK FoxwellDigital bayofiOvAIc — Creative Strategy Call (April) 
13:02:22 OK FoxwellDigital ustjxMzFbAY — May Small Spenders Call 
13:02:27 OK FoxwellDigital WwBASrCAmxM — May Small Spenders Call 
13:02:29 OK FoxwellDigital GHIm94UX7aE — Account Scaling Call 
13:02:33 OK FoxwellDigital z7yMRvlUEbs — Account Scaling Call 
13:02:37 OK FoxwellDigital cuXwo0kN0ZA — Account Scaling Call 
13:02:39 OK FoxwellDigital yukvbGt49Zs — Account Scaling Call 
13:02:41 OK FoxwellDigital iHEtfp1TN8c — Performance and Profitability Cohort 
13:02:47 OK FoxwellDigital XXLIYJNmQsw — Performance and Profitability Cohort 
13:02:51 OK FoxwellDigital HQNWD-KqRQo — Optimizing Advertising Campaigns: Cost Caps, Bid Adjustment, Data-Driven Strategies & More 
13:02:54 OK FoxwellDigital mg9wZ8t-1WY — Foxwell Founders Jam Session 
13:02:58 OK FoxwellDigital e4uwMTmIkFY — Boost Social Media Performance and Profitability with these Working Performance Tests 
13:03:01 OK FoxwellDigital IvXyCLQ3cqY — Video Production Strategy: Plan for Multiple Hooks and Manage Labels in Your Creative 
13:03:04 OK FoxwellDigital yLwH1IgZPK0 — FB Ad Performance: Why Adjusting Budgets w/ 3rd Party Tools Won't Affect Meta's Learnings 
13:03:09 OK FoxwellDigital LNCjwqDQwjw — Shopify CAPI: Insights from Founders on Standard Integration vs. Third-Party Tools 
13:03:20 OK YouTubeCreators yoAcphhJRYU — THE BRAND DEAL DESK: Published. Now What?
13:03:22 OK YouTubeCreators C0L-bPeCuXM — YouTube Shopping Affiliate Program
13:03:24 OK YouTubeCreators kVwf__CuHgc — THE BRAND DEAL DESK: The Magic Middle
SIN-SUBS YouTubeCreators DSM5uHof9lQ
13:03:34 OK YouTubeCreators XR14Sk9h8zY — THE BRAND DEAL DESK: Be That Pitch
13:03:36 OK YouTubeCreators vkqvm4aRq_c — THE BRAND DEAL DESK: Price It Like You Mean It
13:03:39 OK YouTubeCreators WMd7YiqnV4w — YouTube for Artists Masterclass: Making Money on YouTube with AJ Ramos
13:03:44 OK YouTubeCreators s0HWdnIU5RA — Understanding Changes in Watch Time
13:03:49 OK YouTubeCreators jKRiib3Xzoo — A/B testing on YouTube
13:03:51 OK YouTubeCreators qrVhV-oRKVA — How to Grow your Channel from YouTube Partners
13:03:56 OK YouTubeCreators G17aWK7JGuw — @Emily D. Baker: Tips for growing channel memberships with livestreaming
13:03:58 OK YouTubeCreators C-nREEPF2XA — @AyChristeneGames: Channel memberships strategies including early access and memberships gifting
13:04:02 OK YouTubeCreators q865aensNuA — @Laura in the Kitchen: Best practices & her “price of a latte” pricing strategy 
13:04:08 OK YouTubeCreators X64LHlfx4qg — Members Only Content: Videos, Shorts, Live Streams, & Posts for Channel Memberships
13:04:08 OK YouTubeCreators o-aVcb64CEE — When Will I Get Paid? YouTube Partner Program Payment Timelines
13:04:13 OK YouTubeCreators shmGG87ZELI — Advertiser-friendly Content Guidelines & Yellow Monetization Icons
13:04:19 OK YouTubeCreators qqiqlJEvTvg — How to Earn from Ads on YouTube: Videos, Shorts & Live
13:04:23 OK YouTubeCreators om2WiDsHLso — YouTube Partner Program: How to Make Money on YouTube
13:04:25 OK YouTubeCreators V8uUwfw6JlM — @Yo Samdy Sam: Building successful strategy for your niche
13:04:27 OK YouTubeCreators PfTKqh_aqJE — Create on YouTube: Videos, Shorts, & Live
13:04:32 OK YouTubeCreators 93z9DqfE_ek — YouTube Shopping: Tag & Sell Products from Your Store
13:04:35 OK YouTubeCreators _UkbsGPHrVk — Creator Close Up: Making Money on YouTube
13:04:35 OK YouTubeCreators xMs4e9esYkg — Shorts in the YouTube Partner Program: Eligibility, Ad Revenue Sharing & Analytics
13:04:43 OK YouTubeCreators ENv6DaJPQv0 — NEW: Shorts Ad Revenue, New Paths to YPP, Earlier Fan Funding, Shorts Super Thanks and More!
13:04:45 OK YouTubeCreators ubFTkoJkNX4 — Titles & Thumbnails
13:04:45 OK YouTubeCreators fApg7tzlLjY — YouTube Search & Discovery: 'The Algorithm' and Performance FAQs
13:04:52 OK YouTubeCreators N43y-I6rVNU — Analytics in the YouTube App (for Shorts, Videos, Live Streams, and more!)
13:04:56 OK YouTubeCreators nuC5iwpNgIE — Content Tab in Analytics (Sort by Videos, Shorts, Live or Posts)
13:04:59 OK YouTubeCreators A3kgDi_IyAo — AdSense for YouTube Creators
13:05:00 OK YouTubeCreators AGhSXy6GYCU — Grow with YouTube Shorts 
13:05:06 OK YouTubeCreators 220nXk_mJiE — Channel Memberships
13:05:08 OK YouTubeCreators t9eI-W9OeWo — YouTube Studio Mobile Analytics: Understand Your Video and Channel Performance
13:05:10 OK YouTubeCreators nbeIrnAfhCg — Pivoting Your Content Strategy 
13:05:14 OK YouTubeCreators 9EJIH8kxTn8 — YouTube Shorts
13:05:20 OK YouTubeCreators NSIfTsi7wTk — Understand Your Viewership Trends: New & Returning Viewers in YouTube Analytics
13:05:21 OK YouTubeCreators sYCJsvXAQ00 — How Bailey Sarian Reached 2 Million Views Per Video
13:05:24 OK YouTubeCreators ZXwpWEbAmd0 — Super Chat & Super Stickers: Setup and Tips for Using Them
13:05:29 OK YouTubeCreators pbcqyvNNERw — New Monetization Icon: Check Ad-Suitability Before Your Video Goes Public
13:05:31 OK YouTubeCreators J1t34uTT0iA — Analytics in YouTube Studio
SIN-SUBS YouTubeCreators Ckh62y1LJ4Q
13:05:32 OK YouTubeCreators bK2xupRNgaU — YouTube Self-Certification Program for Monetizing Creators
13:05:39 OK YouTubeCreators WQiNJa8mOpw — Tools to Drive More Views 
SIN-SUBS YouTubeCreators COBZHBq3UjM
13:05:42 OK YouTubeCreators uB-1j2ZOjlw — What’s the Ideal Video Length? 
13:05:46 OK YouTubeCreators p-2TvaRFG7c — What Do People Search to Find You? 
13:05:48 OK YouTubeCreators 9DEeMG_Gidw — Do Titles & Descriptions Still Matter? 
SIN-SUBS YouTubeCreators S4wa0dJ2NwM
SIN-SUBS YouTubeCreators B-7jfJDTpuU
13:05:55 OK YouTubeCreators 6R6UO_a34FM — The 10 YouTube Fundamentals
13:05:55 OK YouTubeCreators LwnpKwbsAsA — Leaving Viewers Curious With Education Content (ft. TedEd)
13:05 === TODO_LISTO OLA2_VIDEOS      194 destilados ===
