15:58 subs ventas:       70
16:00 subs email:       51
16:03 subs branding:       55
16:03:31 OK ola5-ventas UZoIQrcZLkg — 
16:03:32 OK ola5-ventas mDWUpuumAuo — 
SIN-SUBS ola5-ventas vx19vPek6iQ
16:03:33 OK ola5-ventas xaY-YpePuio — 
16:03:43 OK ola5-ventas 9jNdyq-jkhI — 
16:03:46 OK ola5-ventas CojS0DwflXc — 
16:03:47 OK ola5-ventas RVbvhPGFi6E — 
16:03:54 OK ola5-ventas KvOiF9uTMa0 — 
16:04:02 OK ola5-ventas p5u28z1FAsI — 
16:04:03 OK ola5-ventas wEIpD_M_tME — 
16:04:07 OK ola5-ventas 9htyfIZ9iPk — 
16:04:19 OK ola5-ventas A53JTxlm7pM — 
16:04:21 OK ola5-ventas QGcjweehrvU — 
16:04:29 OK ola5-ventas q6lV87bZUfE — 
16:04:30 OK ola5-ventas b76ap7hR1pM — 
16:04:30 OK ola5-ventas 6A1ejxIyOy8 — 
16:04:42 OK ola5-ventas tYv44wQYePg — 
16:04:42 OK ola5-ventas MjhDkNmtjy0 — 
16:04:46 OK ola5-ventas kvP9h3Z9mlg — 
16:04:55 OK ola5-ventas kHkvNtf-t20 — 
16:05:03 OK ola5-ventas vRERVNNbB4Q — 
16:05:07 OK ola5-ventas D2mjP-FTqlI — 
16:05:18 OK ola5-ventas 4Gwt4w4Ran4 — 
16:05:24 OK ola5-ventas NtrC9DK_qE8 — 
16:05:24 OK ola5-ventas jZngJgzUSKw — 
16:05:30 OK ola5-ventas EKr0bYFsNrU — 
16:05:46 OK ola5-ventas KpLLMDre1N0 — 
16:05:57 OK ola5-email hU7JJELTC-c — 
16:05:58 OK ola5-email bnQp-kVPtso — 
16:06:05 OK ola5-email pLhQOYMGa88 — 
16:06:12 OK ola5-email eHry7TM5mqM — 
16:06:14 OK ola5-email 7xE0FEQMTKE — 
16:06:22 OK ola5-email 79_e8-lBbmo — 
16:06:29 OK ola5-email wbrNo-Up3tk — 
16:06:29 OK ola5-email fHeNj-yuYxU — 
16:06:39 OK ola5-email o8aW4ri-KVQ — 
16:06:40 OK ola5-email GuIFQwMsJgs — 
16:06:46 OK ola5-email o7Mn6MOBQMA — 
16:06:52 OK ola5-email KkDkNSiJMVQ — 
16:06:57 OK ola5-email 5lNEFSk3YPs — 
16:07:05 OK ola5-email pjkqcWoN0NA — 
16:07:06 OK ola5-email KfEGP-aC9b4 — 
16:07:15 OK ola5-email X8sH2h8jASE — 
16:07:16 OK ola5-email 5vuv-lFNkiw — 
16:07:23 OK ola5-email 10oT94WuDLw — 
16:07:31 OK ola5-email fdad4jUDEJA — 
16:07:35 OK ola5-email dQWAcFNDoY8 — 
16:07:38 OK ola5-email kdmWKWgFl2g — 
16:07:44 OK ola5-email vPWCYZsoJaI — 
16:07:45 OK ola5-email iHF_J4huw8w — 
16:07:52 OK ola5-email ilxUbVjLfRQ — 
16:08:03 OK ola5-branding N6fRAAX9ums — 
16:08:06 OK ola5-branding AP7eD1K2UpI — 
16:08:15 OK ola5-branding ZvxpaklnMXI — 
16:08:15 OK ola5-branding y_2P5o_msuo — 
16:08:25 OK ola5-branding J0ZLLMeqNI8 — 
16:08:29 OK ola5-branding mFx_dMAO0n8 — 
16:08:30 OK ola5-branding KiI6le-EY2M — 
16:08:40 OK ola5-branding mhUMNu7XeTE — 
16:08:45 OK ola5-branding 2RO44hoGdlE — 
16:08:47 OK ola5-branding Qn8urek96-A — 
16:08:52 OK ola5-branding Nq03TQ2BSMA — 
16:08:57 OK ola5-branding RBTiTcHm_ac — 
16:09:03 OK ola5-branding T54ytwmlObg — 
16:09:12 OK ola5-branding TqczYbFPWnk — 
16:09:18 OK ola5-branding l9_BM1opTj8 — 
16:09:18 OK ola5-branding tgDjT6G5VZo — 
16:09:25 OK ola5-branding mxgOY2Ms-YI — 
16:09:32 OK ola5-branding xqfrHgRGCCA — 
SIN-SUBS ola5-branding NZmny1RT2R8
16:09:33 OK ola5-branding qctbAVCftIE — 
16:09:36 OK ola5-branding L5jOi9und4Q — 
16:09 === TODO_LISTO OLA5       70 destilados ===
