15:57:38 OK 4vLwhXY0ZRw — Typography Motion Graphics Animation in After Effects - After Effects Tutorial Kinetic Typography #4
15:57:42 OK 9Sa103aiOSA — Take your After Effects to the Next Level
15:57:46 OK 1n7LyrTdvwM — Element 3d Introduction Tutorial in After Effects
15:57:51 OK CVliDoNgoCg — sourceRectAtTime(); 
15:57:52 OK Gdx_otoqUnw — How to use 3D Models with Element 3D; After Effects Tutorial
15:57:56 OK DTBtfFiyjNU — After Effects Scripting For Beginners [2022]
15:58:03 OK GgIbELgZLLI — The ONLY Particle Tutorial you'll EVER need 
15:58:08 OK IdewyrvKlhI — Tutorial: Compositing 3D Renders in After Effects
15:58:13 OK MsOqPp4KkTE — DUIK ANGELA: Character Walk Cycle Animation in After Effects Tutorials
15:58:15 OK MuXiRF3BMlw — Expressions Basics - After Effects Tutorial
15:58:17 OK Oiiq4wmbuPo — Math.sin - Adobe After Effects Expression
15:58:25 OK PF3_babBRFY — Advanced Animation Breakdown + Grid Animation 
15:58:27 OK UutXfHp9KDg — After Effects Scripting for Absolute Beginners - ExtendScript Tutorial
15:58:27 OK R1-b7F_u8oU — How to Optimize After Effects Renders
15:58:35 OK V5HLeR5jaFM — How to Make Anything React to Audio & Music in After Effects 
15:58:40 OK VieNlfxYxwU — Adobe Premiere Pro and After Effects Workflow: Dynamic Linking Best Practices
15:58:49 OK ZiXdcziloG8 — City Destruction Tutorial!
15:58:53 OK Y0RRBVnn2MA — DUIK Angela Jumpstart  Complete Beginner's Guide
15:58:59 OK a3ZfR4uJxNY — Trapcode Particular 3 Training 
15:59:12 OK gmC5251SLxg — Advanced Damage & Decay FX Tutorial! 100% After Effects!
15:59:12 OK iDSECTnJf2M — Three motion graphics techniques for your After Effects projects
15:59:18 OK gomawnMPWEg — Start Compositing VFX in After Effects - Step-By-Step
15:59:24 OK kaP50qSKmWE — after effects techniques to improve any motiongraphics project
15:59:25 OK jKyMPFncsmk — 5 Essential Illustrator to After Effects Workflow Techniques
15:59:30 OK mT2Fv5bF6Ik — Animation in After Effects 
15:59:38 OK nE9l37cs8Fs — Advanced 3D After Effects Motion Graphics Tutorial
15:59:41 OK pESJ6G35WGc — Mastering Expressions In After Effects: The Ultimate Introduction #aftereffects
15:59:53 OK qJbV27ic1Wk — Broadcast Graphics Kinetic Type 
15:59:54 OK qNvlDZeVStQ — How to Use Text Animators in After Effects!
16:00:06 OK sGjODH6e2BM — Learn VFX Workflows - After Effects and 3D Tutorial!
16:00:06 OK sfkaCESPE5c — Start Compositing in After Effects - Full Tutorial!
16:00:07 OK u4Y84MBFM-Q — Kinetic Typography Motion Posters 
16:00:24 OK vJ8X58uknsk — 5 Essential Techniques for Compositing in After Effects 
16:00:25 OK whFa347JtDE — 10 Ways to Get Faster in After Effects 
16:00:27 OK xMUn0LZp21o — 5 Techniques for High-End Motion Design (After Effects)
16:00:46 OK yxncS9gVDYI — Advanced Electric FX Tutorial! 100% After Effects!
DESTILADO_TERMINADO
