sinsub xMUn0LZp21o
sinsub nE9l37cs8Fs
sinsub kaP50qSKmWE
sinsub PF3_babBRFY
sinsub iDSECTnJf2M
sinsub MuXiRF3BMlw
sinsub Oiiq4wmbuPo
sinsub CVliDoNgoCg
sinsub pESJ6G35WGc
sinsub vJ8X58uknsk
sinsub IdewyrvKlhI
sinsub sfkaCESPE5c
sinsub sGjODH6e2BM
sinsub gomawnMPWEg
sinsub yxncS9gVDYI
sinsub gmC5251SLxg
sinsub ZiXdcziloG8
sinsub 4vLwhXY0ZRw
sinsub qJbV27ic1Wk
sinsub u4Y84MBFM-Q
sinsub Y0RRBVnn2MA
sinsub a611PbiHDJU
sinsub MsOqPp4KkTE
sinsub CsQJhHlx5_8
sinsub FvEeYlZmDrw
sinsub 6VoQy_Ak9OE
sinsub whFa347JtDE
sinsub jKyMPFncsmk
sinsub VieNlfxYxwU
sinsub R1-b7F_u8oU
sinsub qNvlDZeVStQ
sinsub mT2Fv5bF6Ik
sinsub 9Sa103aiOSA
sinsub GgIbELgZLLI
ok a3ZfR4uJxNY
sinsub Gdx_otoqUnw
sinsub 1n7LyrTdvwM
sinsub V5HLeR5jaFM
sinsub UutXfHp9KDg
sinsub DTBtfFiyjNU
ok 0_1QDwyuZS8
ok PTeKwqEw-GA
ok JbBdGgHgXtU
ok ZUUBYdab61k
ok CQZEWnwaViw
ok MzGtGBM19OQ
ok jAVQrZdYoqM
ok 5SUSS01zCVw
ok 070wSwjy0vs
ok KAbUQ7kAhPk
DESCARGA_SUBS_TERMINADA
